{"/Users/fangqiang/Desktop/chris-learning/webpack/webpack-design/number-add-chris/src/index.js":{"path":"/Users/fangqiang/Desktop/chris-learning/webpack/webpack-design/number-add-chris/src/index.js","s":{"1":1,"2":2,"3":2,"4":2,"5":2,"6":2,"7":2,"8":2,"9":2,"10":2,"11":2,"12":2,"13":2,"14":2,"15":2,"16":2,"17":2,"18":0,"19":0,"20":2,"21":2,"22":2,"23":0,"24":2,"25":1},"b":{"1":[4,2],"2":[2,0],"3":[2,0],"4":[0,2],"5":[0,2]},"f":{},"fnMap":{},"statementMap":{"1":{"start":{"line":1,"column":0},"end":{"line":34,"column":2}},"2":{"start":{"line":2,"column":2},"end":{"line":2,"column":23}},"3":{"start":{"line":3,"column":2},"end":{"line":3,"column":23}},"4":{"start":{"line":4,"column":2},"end":{"line":4,"column":17}},"5":{"start":{"line":5,"column":2},"end":{"line":5,"column":15}},"6":{"start":{"line":6,"column":2},"end":{"line":29,"column":3}},"7":{"start":{"line":7,"column":4},"end":{"line":7,"column":14}},"8":{"start":{"line":8,"column":4},"end":{"line":8,"column":14}},"9":{"start":{"line":9,"column":4},"end":{"line":9,"column":12}},"10":{"start":{"line":10,"column":4},"end":{"line":13,"column":5}},"11":{"start":{"line":11,"column":6},"end":{"line":11,"column":21}},"12":{"start":{"line":12,"column":6},"end":{"line":12,"column":10}},"13":{"start":{"line":15,"column":4},"end":{"line":18,"column":5}},"14":{"start":{"line":16,"column":6},"end":{"line":16,"column":21}},"15":{"start":{"line":17,"column":6},"end":{"line":17,"column":10}},"16":{"start":{"line":19,"column":4},"end":{"line":19,"column":25}},"17":{"start":{"line":21,"column":4},"end":{"line":26,"column":5}},"18":{"start":{"line":22,"column":6},"end":{"line":22,"column":17}},"19":{"start":{"line":23,"column":6},"end":{"line":23,"column":16}},"20":{"start":{"line":25,"column":6},"end":{"line":25,"column":17}},"21":{"start":{"line":28,"column":4},"end":{"line":28,"column":20}},"22":{"start":{"line":30,"column":2},"end":{"line":32,"column":3}},"23":{"start":{"line":31,"column":4},"end":{"line":31,"column":23}},"24":{"start":{"line":33,"column":2},"end":{"line":33,"column":13}},"25":{"start":{"line":37,"column":0},"end":{"line":37,"column":21}}},"branchMap":{"1":{"line":6,"type":"binary-expr","locations":[{"start":{"line":6,"column":9},"end":{"line":6,"column":15}},{"start":{"line":6,"column":19},"end":{"line":6,"column":25}}]},"2":{"line":10,"type":"if","locations":[{"start":{"line":10,"column":4},"end":{"line":10,"column":4}},{"start":{"line":10,"column":4},"end":{"line":10,"column":4}}]},"3":{"line":15,"type":"if","locations":[{"start":{"line":15,"column":4},"end":{"line":15,"column":4}},{"start":{"line":15,"column":4},"end":{"line":15,"column":4}}]},"4":{"line":21,"type":"if","locations":[{"start":{"line":21,"column":4},"end":{"line":21,"column":4}},{"start":{"line":21,"column":4},"end":{"line":21,"column":4}}]},"5":{"line":30,"type":"if","locations":[{"start":{"line":30,"column":2},"end":{"line":30,"column":2}},{"start":{"line":30,"column":2},"end":{"line":30,"column":2}}]}}}}